{"message":"Port 3001 is open and ready!","level":"info","service":"hotel-db-backend","timestamp":"2019-05-05 21:02:01"}
{"message":"DB Connected","level":"info","service":"hotel-db-backend","timestamp":"2019-05-05 21:02:01"}
{"message":"BACKEND CREATE USER","level":"info","service":"hotel-db-backend","timestamp":"2019-05-05 21:03:50"}
{"message":"User Created Successfully","level":"info","service":"hotel-db-backend","timestamp":"2019-05-05 21:03:50"}
{"message":"BACKEND GUEST LOGIN","level":"info","service":"hotel-db-backend","timestamp":"2019-05-05 21:04:57"}
{"message":"Error While Creating User...","level":"error","service":"hotel-db-backend","timestamp":"2019-05-05 21:04:57"}
{"message":"Invalid credentials!","level":"error","service":"hotel-db-backend","timestamp":"2019-05-05 21:04:57"}
{"message":"BACKEND GUEST LOGIN","level":"info","service":"hotel-db-backend","timestamp":"2019-05-05 21:05:12"}
{"message":"Error While Creating User...","level":"error","service":"hotel-db-backend","timestamp":"2019-05-05 21:05:12"}
{"message":"Invalid credentials!","level":"error","service":"hotel-db-backend","timestamp":"2019-05-05 21:05:12"}
{"message":"BACKEND GUEST LOGIN","level":"info","service":"hotel-db-backend","timestamp":"2019-05-05 21:05:16"}
{"message":"Error While Creating User...","level":"error","service":"hotel-db-backend","timestamp":"2019-05-05 21:05:16"}
{"message":"Invalid credentials!","level":"error","service":"hotel-db-backend","timestamp":"2019-05-05 21:05:16"}
{"message":"BACKEND GUEST LOGIN","level":"info","service":"hotel-db-backend","timestamp":"2019-05-05 21:05:22"}
{"message":"Error While Creating User...","level":"error","service":"hotel-db-backend","timestamp":"2019-05-05 21:05:22"}
{"message":"Successful login!","level":"info","service":"hotel-db-backend","timestamp":"2019-05-05 21:05:22"}
{"message":"BACKEND EMPLOYEE CREATION","level":"info","service":"hotel-db-backend","timestamp":"2019-05-05 21:09:13"}
{"message":"Employee Creation Success!","level":"info","service":"hotel-db-backend","timestamp":"2019-05-05 21:09:13"}
{"message":"BACKEND EMPLOYEE CREATION","level":"info","service":"hotel-db-backend","timestamp":"2019-05-05 21:09:59"}
{"code":"ER_DUP_ENTRY","errno":1062,"sqlMessage":"Duplicate entry '3' for key 'employeeID'","sqlState":"23000","index":0,"sql":"CALL createEmployee ('3', '123123124', 'fake', 'man', '2018-08-08', '949293', 'a4ba25ebfdb9017c2b9868c3128d7238486b50438f', '0')","level":"error","service":"hotel-db-backend","timestamp":"2019-05-05 21:09:59","message":"ER_DUP_ENTRY: Duplicate entry '3' for key 'employeeID'","stack":"Error: ER_DUP_ENTRY: Duplicate entry '3' for key 'employeeID'\n    at Query.Sequence._packetToError (C:\\Users\\swlee\\Desktop\\projects\\CMPE226-HotelDB\\HotelApp\\backend\\node_modules\\mysql\\lib\\protocol\\sequences\\Sequence.js:47:14)\n    at Query.ErrorPacket (C:\\Users\\swlee\\Desktop\\projects\\CMPE226-HotelDB\\HotelApp\\backend\\node_modules\\mysql\\lib\\protocol\\sequences\\Query.js:77:18)\n    at Protocol._parsePacket (C:\\Users\\swlee\\Desktop\\projects\\CMPE226-HotelDB\\HotelApp\\backend\\node_modules\\mysql\\lib\\protocol\\Protocol.js:291:23)\n    at Parser._parsePacket (C:\\Users\\swlee\\Desktop\\projects\\CMPE226-HotelDB\\HotelApp\\backend\\node_modules\\mysql\\lib\\protocol\\Parser.js:433:10)\n    at Parser.write (C:\\Users\\swlee\\Desktop\\projects\\CMPE226-HotelDB\\HotelApp\\backend\\node_modules\\mysql\\lib\\protocol\\Parser.js:43:10)\n    at Protocol.write (C:\\Users\\swlee\\Desktop\\projects\\CMPE226-HotelDB\\HotelApp\\backend\\node_modules\\mysql\\lib\\protocol\\Protocol.js:38:16)\n    at Socket.<anonymous> (C:\\Users\\swlee\\Desktop\\projects\\CMPE226-HotelDB\\HotelApp\\backend\\node_modules\\mysql\\lib\\Connection.js:91:28)\n    at Socket.<anonymous> (C:\\Users\\swlee\\Desktop\\projects\\CMPE226-HotelDB\\HotelApp\\backend\\node_modules\\mysql\\lib\\Connection.js:525:10)\n    at Socket.emit (events.js:189:13)\n    at addChunk (_stream_readable.js:284:12)\n    --------------------\n    at Protocol._enqueue (C:\\Users\\swlee\\Desktop\\projects\\CMPE226-HotelDB\\HotelApp\\backend\\node_modules\\mysql\\lib\\protocol\\Protocol.js:144:48)\n    at Connection.query (C:\\Users\\swlee\\Desktop\\projects\\CMPE226-HotelDB\\HotelApp\\backend\\node_modules\\mysql\\lib\\Connection.js:201:25)\n    at C:\\Users\\swlee\\Desktop\\projects\\CMPE226-HotelDB\\HotelApp\\backend\\index.js:140:9\n    at Layer.handle [as handle_request] (C:\\Users\\swlee\\Desktop\\projects\\CMPE226-HotelDB\\HotelApp\\backend\\node_modules\\express\\lib\\router\\layer.js:95:5)\n    at next (C:\\Users\\swlee\\Desktop\\projects\\CMPE226-HotelDB\\HotelApp\\backend\\node_modules\\express\\lib\\router\\route.js:137:13)\n    at Route.dispatch (C:\\Users\\swlee\\Desktop\\projects\\CMPE226-HotelDB\\HotelApp\\backend\\node_modules\\express\\lib\\router\\route.js:112:3)\n    at Layer.handle [as handle_request] (C:\\Users\\swlee\\Desktop\\projects\\CMPE226-HotelDB\\HotelApp\\backend\\node_modules\\express\\lib\\router\\layer.js:95:5)\n    at C:\\Users\\swlee\\Desktop\\projects\\CMPE226-HotelDB\\HotelApp\\backend\\node_modules\\express\\lib\\router\\index.js:281:22\n    at Function.process_params (C:\\Users\\swlee\\Desktop\\projects\\CMPE226-HotelDB\\HotelApp\\backend\\node_modules\\express\\lib\\router\\index.js:335:12)\n    at next (C:\\Users\\swlee\\Desktop\\projects\\CMPE226-HotelDB\\HotelApp\\backend\\node_modules\\express\\lib\\router\\index.js:275:10)"}
{"message":"BACKEND EMPLOYEE CREATION","level":"info","service":"hotel-db-backend","timestamp":"2019-05-05 21:10:10"}
{"message":"Employee Creation Success!","level":"info","service":"hotel-db-backend","timestamp":"2019-05-05 21:10:10"}
{"message":"BACKEND EMPLOYEE CREATION","level":"info","service":"hotel-db-backend","timestamp":"2019-05-05 21:10:27"}
{"message":"Employee Creation Success!","level":"info","service":"hotel-db-backend","timestamp":"2019-05-05 21:10:27"}
{"message":"BACKEND EMPLOYEE CREATION","level":"info","service":"hotel-db-backend","timestamp":"2019-05-05 21:11:30"}
{"code":"ER_DUP_ENTRY","errno":1062,"sqlMessage":"Duplicate entry '5' for key 'employeeID'","sqlState":"23000","index":0,"sql":"CALL createEmployee ('5', '776323566', 'Paula', 'Taylor', '1977-05-09', '82000', 'dbca6ff027ece209a5fe058903706976d7154eac6a77', '0')","level":"error","service":"hotel-db-backend","timestamp":"2019-05-05 21:11:30","message":"ER_DUP_ENTRY: Duplicate entry '5' for key 'employeeID'","stack":"Error: ER_DUP_ENTRY: Duplicate entry '5' for key 'employeeID'\n    at Query.Sequence._packetToError (C:\\Users\\swlee\\Desktop\\projects\\CMPE226-HotelDB\\HotelApp\\backend\\node_modules\\mysql\\lib\\protocol\\sequences\\Sequence.js:47:14)\n    at Query.ErrorPacket (C:\\Users\\swlee\\Desktop\\projects\\CMPE226-HotelDB\\HotelApp\\backend\\node_modules\\mysql\\lib\\protocol\\sequences\\Query.js:77:18)\n    at Protocol._parsePacket (C:\\Users\\swlee\\Desktop\\projects\\CMPE226-HotelDB\\HotelApp\\backend\\node_modules\\mysql\\lib\\protocol\\Protocol.js:291:23)\n    at Parser._parsePacket (C:\\Users\\swlee\\Desktop\\projects\\CMPE226-HotelDB\\HotelApp\\backend\\node_modules\\mysql\\lib\\protocol\\Parser.js:433:10)\n    at Parser.write (C:\\Users\\swlee\\Desktop\\projects\\CMPE226-HotelDB\\HotelApp\\backend\\node_modules\\mysql\\lib\\protocol\\Parser.js:43:10)\n    at Protocol.write (C:\\Users\\swlee\\Desktop\\projects\\CMPE226-HotelDB\\HotelApp\\backend\\node_modules\\mysql\\lib\\protocol\\Protocol.js:38:16)\n    at Socket.<anonymous> (C:\\Users\\swlee\\Desktop\\projects\\CMPE226-HotelDB\\HotelApp\\backend\\node_modules\\mysql\\lib\\Connection.js:91:28)\n    at Socket.<anonymous> (C:\\Users\\swlee\\Desktop\\projects\\CMPE226-HotelDB\\HotelApp\\backend\\node_modules\\mysql\\lib\\Connection.js:525:10)\n    at Socket.emit (events.js:189:13)\n    at addChunk (_stream_readable.js:284:12)\n    --------------------\n    at Protocol._enqueue (C:\\Users\\swlee\\Desktop\\projects\\CMPE226-HotelDB\\HotelApp\\backend\\node_modules\\mysql\\lib\\protocol\\Protocol.js:144:48)\n    at Connection.query (C:\\Users\\swlee\\Desktop\\projects\\CMPE226-HotelDB\\HotelApp\\backend\\node_modules\\mysql\\lib\\Connection.js:201:25)\n    at C:\\Users\\swlee\\Desktop\\projects\\CMPE226-HotelDB\\HotelApp\\backend\\index.js:140:9\n    at Layer.handle [as handle_request] (C:\\Users\\swlee\\Desktop\\projects\\CMPE226-HotelDB\\HotelApp\\backend\\node_modules\\express\\lib\\router\\layer.js:95:5)\n    at next (C:\\Users\\swlee\\Desktop\\projects\\CMPE226-HotelDB\\HotelApp\\backend\\node_modules\\express\\lib\\router\\route.js:137:13)\n    at Route.dispatch (C:\\Users\\swlee\\Desktop\\projects\\CMPE226-HotelDB\\HotelApp\\backend\\node_modules\\express\\lib\\router\\route.js:112:3)\n    at Layer.handle [as handle_request] (C:\\Users\\swlee\\Desktop\\projects\\CMPE226-HotelDB\\HotelApp\\backend\\node_modules\\express\\lib\\router\\layer.js:95:5)\n    at C:\\Users\\swlee\\Desktop\\projects\\CMPE226-HotelDB\\HotelApp\\backend\\node_modules\\express\\lib\\router\\index.js:281:22\n    at Function.process_params (C:\\Users\\swlee\\Desktop\\projects\\CMPE226-HotelDB\\HotelApp\\backend\\node_modules\\express\\lib\\router\\index.js:335:12)\n    at next (C:\\Users\\swlee\\Desktop\\projects\\CMPE226-HotelDB\\HotelApp\\backend\\node_modules\\express\\lib\\router\\index.js:275:10)"}
{"message":"BACKEND EMPLOYEE CREATION","level":"info","service":"hotel-db-backend","timestamp":"2019-05-05 21:11:37"}
{"message":"Employee Creation Success!","level":"info","service":"hotel-db-backend","timestamp":"2019-05-05 21:11:37"}
{"message":"BACKEND EMPLOYEE CREATION","level":"info","service":"hotel-db-backend","timestamp":"2019-05-05 21:13:17"}
{"message":"Employee Creation Success!","level":"info","service":"hotel-db-backend","timestamp":"2019-05-05 21:13:17"}
{"message":"BACKEND RESERVATION MAKE","level":"info","service":"hotel-db-backend","timestamp":"2019-05-05 21:15:07"}
{"message":"RESERVATION MAKE SUCCESS","level":"info","service":"hotel-db-backend","timestamp":"2019-05-05 21:15:07"}
{"message":"BACKEND RESERVATION MAKE","level":"info","service":"hotel-db-backend","timestamp":"2019-05-05 21:15:35"}
{"message":"RESERVATION MAKE SUCCESS","level":"info","service":"hotel-db-backend","timestamp":"2019-05-05 21:15:35"}
{"message":"BACKEND RESERVATION MAKE","level":"info","service":"hotel-db-backend","timestamp":"2019-05-05 21:15:51"}
{"message":"RESERVATION MAKE SUCCESS","level":"info","service":"hotel-db-backend","timestamp":"2019-05-05 21:15:51"}
{"message":"BACKEND RESERVATION MAKE","level":"info","service":"hotel-db-backend","timestamp":"2019-05-05 21:16:06"}
{"message":"RESERVATION MAKE SUCCESS","level":"info","service":"hotel-db-backend","timestamp":"2019-05-05 21:16:06"}
{"message":"BACKEND RESERVATION MAKE","level":"info","service":"hotel-db-backend","timestamp":"2019-05-05 21:16:21"}
{"message":"RESERVATION MAKE SUCCESS","level":"info","service":"hotel-db-backend","timestamp":"2019-05-05 21:16:21"}
